#
# There is insufficient memory for the Java Runtime Environment to continue.
# Native memory allocation (malloc) failed to allocate 1048576 bytes for AllocateHeap
# Possible reasons:
#   The system is out of physical RAM or swap space
#   The process is running with CompressedOops enabled, and the Java Heap may be blocking the growth of the native heap
# Possible solutions:
#   Reduce memory load on the system
#   Increase physical memory or swap space
#   Check if swap backing store is full
#   Decrease Java heap size (-Xmx/-Xms)
#   Decrease number of Java threads
#   Decrease Java thread stack sizes (-Xss)
#   Set larger code cache with -XX:ReservedCodeCacheSize=
#   JVM is running with Unscaled Compressed Oops mode in which the Java heap is
#     placed in the first 4GB address space. The Java Heap base address is the
#     maximum limit for the native heap growth. Please use -XX:HeapBaseMinAddress
#     to set the Java Heap base and to place the Java Heap above 4GB virtual address.
# This output file may be truncated or incomplete.
#
#  Out of Memory Error (allocation.cpp:44), pid=15072, tid=18736
#
# JRE version: OpenJDK Runtime Environment Temurin-17.0.2+8 (17.0.2+8) (build 17.0.2+8)
# Java VM: OpenJDK 64-Bit Server VM Temurin-17.0.2+8 (17.0.2+8, mixed mode, emulated-client, tiered, compressed oops, compressed class ptrs, g1 gc, windows-amd64)
# No core dump will be written. Minidumps are not enabled by default on client versions of Windows
#

---------------  S U M M A R Y ------------

Command Line: -Dsts.lsp.client=vscode -Dsts.log.file=/dev/null -XX:TieredStopAtLevel=1 -Dspring.config.location=file:c:\Users\hevra\.vscode\extensions\pivotal.vscode-spring-boot-1.32.0\language-server\BOOT-INF\classes\application.properties org.springframework.ide.vscode.boot.app.BootLanguageServerBootApp

Host: Intel(R) Core(TM) i5-7200U CPU @ 2.50GHz, 4 cores, 7G,  Windows 10 , 64 bit Build 19041 (10.0.19041.1566)
Time: Thu Mar 24 12:40:56 2022 GTB Standard Time elapsed time: 3813.561844 seconds (0d 1h 3m 33s)

---------------  T H R E A D  ---------------

Current thread (0x0000020a5b600000):  VMThread "VM Thread" [stack: 0x0000003a2fe00000,0x0000003a2ff00000] [id=18736]

Stack: [0x0000003a2fe00000,0x0000003a2ff00000]
Native frames: (J=compiled Java code, j=interpreted, Vv=VM code, C=native code)
V  [jvm.dll+0x67564a]
V  [jvm.dll+0x82fc04]
V  [jvm.dll+0x8313ae]
V  [jvm.dll+0x831a13]
V  [jvm.dll+0x245235]
V  [jvm.dll+0xa6393]
V  [jvm.dll+0x2f5233]
V  [jvm.dll+0x2f0f70]
V  [jvm.dll+0x2d96c7]
V  [jvm.dll+0x31c6b7]
V  [jvm.dll+0x835ebb]
V  [jvm.dll+0x836bf4]
V  [jvm.dll+0x83710c]
V  [jvm.dll+0x8374e4]
V  [jvm.dll+0x8375b0]
V  [jvm.dll+0x7dff2a]
V  [jvm.dll+0x6744d5]
C  [ucrtbase.dll+0x21bb2]
C  [KERNEL32.DLL+0x17034]
C  [ntdll.dll+0x52651]

VM_Operation (0x0000003a310fedf0): G1CollectFull, mode: safepoint, requested by thread 0x0000020a5e5a8040


---------------  P R O C E S S  ---------------

Threads class SMR info:
_java_thread_list=0x0000020a5ca408e0, length=23, elements={
0x0000020a5b619740, 0x0000020a5b61a5b0, 0x0000020a5b65a130, 0x0000020a5b65e000,
0x0000020a5b65e9b0, 0x0000020a5b65f360, 0x0000020a5b65fdc0, 0x0000020a5b6607b0,
0x0000020a5c129b30, 0x0000020a5c136e80, 0x0000020a5e5a8040, 0x0000020a5e5d3460,
0x0000020a4eab3160, 0x0000020a5c6b0030, 0x0000020a5e71a890, 0x0000020a5e74b790,
0x0000020a5e752600, 0x0000020a5e752ad0, 0x0000020a5e7178c0, 0x0000020a5e717d90,
0x0000020a5e7190d0, 0x0000020a5e718730, 0x0000020a5e9f6f10
}

Java Threads: ( => current thread )
  0x0000020a5b619740 JavaThread "Reference Handler" daemon [_thread_blocked, id=16956, stack(0x0000003a2ff00000,0x0000003a30000000)]
  0x0000020a5b61a5b0 JavaThread "Finalizer" daemon [_thread_blocked, id=10768, stack(0x0000003a30000000,0x0000003a30100000)]
  0x0000020a5b65a130 JavaThread "Signal Dispatcher" daemon [_thread_blocked, id=10584, stack(0x0000003a30100000,0x0000003a30200000)]
  0x0000020a5b65e000 JavaThread "Attach Listener" daemon [_thread_blocked, id=9984, stack(0x0000003a30200000,0x0000003a30300000)]
  0x0000020a5b65e9b0 JavaThread "Service Thread" daemon [_thread_blocked, id=10700, stack(0x0000003a30300000,0x0000003a30400000)]
  0x0000020a5b65f360 JavaThread "Monitor Deflation Thread" daemon [_thread_blocked, id=17336, stack(0x0000003a30400000,0x0000003a30500000)]
  0x0000020a5b65fdc0 JavaThread "C1 CompilerThread0" daemon [_thread_blocked, id=16440, stack(0x0000003a30500000,0x0000003a30600000)]
  0x0000020a5b6607b0 JavaThread "Sweeper thread" daemon [_thread_blocked, id=9124, stack(0x0000003a30600000,0x0000003a30700000)]
  0x0000020a5c129b30 JavaThread "Notification Thread" daemon [_thread_blocked, id=19112, stack(0x0000003a30900000,0x0000003a30a00000)]
  0x0000020a5c136e80 JavaThread "Common-Cleaner" daemon [_thread_blocked, id=9716, stack(0x0000003a30b00000,0x0000003a30c00000)]
  0x0000020a5e5a8040 JavaThread "pool-5-thread-1" [_thread_blocked, id=6400, stack(0x0000003a31000000,0x0000003a31100000)]
  0x0000020a5e5d3460 JavaThread "LanguageServerApp-lifecycle" [_thread_blocked, id=12924, stack(0x0000003a31100000,0x0000003a31200000)]
  0x0000020a4eab3160 JavaThread "DestroyJavaVM" [_thread_blocked, id=9876, stack(0x0000003a2f800000,0x0000003a2f900000)]
  0x0000020a5c6b0030 JavaThread "pool-6-thread-1" [_thread_in_native, id=5356, stack(0x0000003a31200000,0x0000003a31300000)]
  0x0000020a5e71a890 JavaThread "Simple-Language-Server main thread" daemon [_thread_blocked, id=15896, stack(0x0000003a31300000,0x0000003a31400000)]
  0x0000020a5e74b790 JavaThread "pool-7-thread-1" [_thread_blocked, id=17856, stack(0x0000003a31400000,0x0000003a31500000)]
  0x0000020a5e752600 JavaThread "Reconciler-1" [_thread_blocked, id=8880, stack(0x0000003a31500000,0x0000003a31600000)]
  0x0000020a5e752ad0 JavaThread "pool-4-thread-1" [_thread_blocked, id=15616, stack(0x0000003a31600000,0x0000003a31700000)]
  0x0000020a5e7178c0 JavaThread "ForkJoinPool.commonPool-worker-1" daemon [_thread_in_native, id=17300, stack(0x0000003a31700000,0x0000003a31800000)]
  0x0000020a5e717d90 JavaThread "ForkJoinPool.commonPool-worker-2" daemon [_thread_in_native, id=4532, stack(0x0000003a31800000,0x0000003a31900000)]
  0x0000020a5e7190d0 JavaThread "ForkJoinPool.commonPool-worker-3" daemon [_thread_in_native, id=8160, stack(0x0000003a31900000,0x0000003a31a00000)]
  0x0000020a5e718730 JavaThread "parallel-1" daemon [_thread_blocked, id=17940, stack(0x0000003a31a00000,0x0000003a31b00000)]
  0x0000020a5e9f6f10 JavaThread "pool-2-thread-1" [_thread_blocked, id=8264, stack(0x0000003a31b00000,0x0000003a31c00000)]

Other Threads:
=>0x0000020a5b600000 VMThread "VM Thread" [stack: 0x0000003a2fe00000,0x0000003a2ff00000] [id=18736]
  0x0000020a5c12a000 WatcherThread [stack: 0x0000003a30a00000,0x0000003a30b00000] [id=9780]
  0x0000020a4eaf3d70 GCTaskThread "GC Thread#0" [stack: 0x0000003a2f900000,0x0000003a2fa00000] [id=18916]
  0x0000020a5c7dee70 GCTaskThread "GC Thread#1" [stack: 0x0000003a30c00000,0x0000003a30d00000] [id=10020]
  0x0000020a5c78f4d0 GCTaskThread "GC Thread#2" [stack: 0x0000003a30d00000,0x0000003a30e00000] [id=7864]
  0x0000020a5c7de3b0 GCTaskThread "GC Thread#3" [stack: 0x0000003a30e00000,0x0000003a30f00000] [id=12440]
  0x0000020a4eb06910 ConcurrentGCThread "G1 Main Marker" [stack: 0x0000003a2fa00000,0x0000003a2fb00000] [id=18716]
  0x0000020a4eb07320 ConcurrentGCThread "G1 Conc#0" [stack: 0x0000003a2fb00000,0x0000003a2fc00000] [id=16376]
  0x0000020a4eb7c3c0 ConcurrentGCThread "G1 Refine#0" [stack: 0x0000003a2fc00000,0x0000003a2fd00000] [id=11960]
  0x0000020a4eb7cde0 ConcurrentGCThread "G1 Service" [stack: 0x0000003a2fd00000,0x0000003a2fe00000] [id=14880]

Threads with active compile tasks:

VM state: at safepoint (normal execution)

VM Mutex/Monitor currently owned by a thread:  ([mutex/lock_event])
[0x0000020a4c999520] Threads_lock - owner thread: 0x0000020a5b600000
[0x0000020a4eab16c0] Heap_lock - owner thread: 0x0000020a5e5a8040

Heap address: 0x0000000081e00000, size: 2018 MB, Compressed Oops mode: 32-bit

CDS archive(s) not mapped
Compressed class space mapped at: 0x0000000100000000-0x0000000140000000, reserved size: 1073741824
Narrow klass base: 0x0000000000000000, Narrow klass shift: 3, Narrow klass range: 0x140000000

GC Precious Log:
 CPUs: 4 total, 4 available
 Memory: 8071M
 Large Page Support: Disabled
 NUMA Support: Disabled
 Compressed Oops: Enabled (32-bit)
 Heap Region Size: 1M
 Heap Min Capacity: 8M
 Heap Initial Capacity: 128M
 Heap Max Capacity: 2018M
 Pre-touch: Disabled
 Parallel Workers: 4
 Concurrent Workers: 1
 Concurrent Refinement Workers: 4
 Periodic GC: Disabled

Heap:
 garbage-first heap   total 78848K, used 23860K [0x0000000081e00000, 0x0000000100000000)
  region size 1024K, 2 young (2048K), 0 survivors (0K)
 Metaspace       used 39466K, committed 39872K, reserved 1089536K
  class space    used 4995K, committed 5184K, reserved 1048576K

Heap Regions: E=young(eden), S=young(survivor), O=old, HS=humongous(starts), HC=humongous(continues), CS=collection set, F=free, OA=open archive, CA=closed archive, TAMS=top-at-mark-start (previous, next)
|   0|0x0000000081e00000, 0x0000000081efffe8, 0x0000000081f00000| 99%| O|  |TAMS 0x0000000081efffe8, 0x0000000081e00000| Untracked 
|   1|0x0000000081f00000, 0x0000000081fffff0, 0x0000000082000000| 99%| O|  |TAMS 0x0000000081fffff0, 0x0000000081f00000| Untracked 
|   2|0x0000000082000000, 0x0000000082100000, 0x0000000082100000|100%| O|  |TAMS 0x0000000082100000, 0x0000000082000000| Untracked 
|   3|0x0000000082100000, 0x00000000821fc750, 0x0000000082200000| 98%| O|  |TAMS 0x00000000821fc750, 0x0000000082100000| Untracked 
|   4|0x0000000082200000, 0x00000000822ff988, 0x0000000082300000| 99%| O|  |TAMS 0x00000000822ff988, 0x0000000082200000| Untracked 
|   5|0x0000000082300000, 0x00000000823ffff0, 0x0000000082400000| 99%| O|  |TAMS 0x00000000823ffff0, 0x0000000082300000| Untracked 
|   6|0x0000000082400000, 0x00000000824fdd28, 0x0000000082500000| 99%| O|  |TAMS 0x00000000824fdd28, 0x0000000082400000| Untracked 
|   7|0x0000000082500000, 0x0000000082600000, 0x0000000082600000|100%| O|  |TAMS 0x0000000082600000, 0x0000000082500000| Untracked 
|   8|0x0000000082600000, 0x00000000826ffff0, 0x0000000082700000| 99%| O|  |TAMS 0x00000000826ffff0, 0x0000000082600000| Untracked 
|   9|0x0000000082700000, 0x00000000827fffd8, 0x0000000082800000| 99%| O|  |TAMS 0x00000000827fffd8, 0x0000000082700000| Untracked 
|  10|0x0000000082800000, 0x00000000828ffff0, 0x0000000082900000| 99%| O|  |TAMS 0x00000000828ffff0, 0x0000000082800000| Untracked 
|  11|0x0000000082900000, 0x0000000082a00000, 0x0000000082a00000|100%| O|  |TAMS 0x0000000082a00000, 0x0000000082900000| Untracked 
|  12|0x0000000082a00000, 0x0000000082af9d48, 0x0000000082b00000| 97%| O|  |TAMS 0x0000000082af9d48, 0x0000000082a00000| Untracked 
|  13|0x0000000082b00000, 0x0000000082bffff8, 0x0000000082c00000| 99%| O|  |TAMS 0x0000000082bffff8, 0x0000000082b00000| Untracked 
|  14|0x0000000082c00000, 0x0000000082cf6168, 0x0000000082d00000| 96%| O|  |TAMS 0x0000000082cf6168, 0x0000000082c00000| Untracked 
|  15|0x0000000082d00000, 0x0000000082dd6c68, 0x0000000082e00000| 83%| O|  |TAMS 0x0000000082d00000, 0x0000000082d00000| Untracked 
|  16|0x0000000082e00000, 0x0000000082f00000, 0x0000000082f00000|100%|HS|  |TAMS 0x0000000082f00000, 0x0000000082e00000| Untracked 
|  17|0x0000000082f00000, 0x0000000083000000, 0x0000000083000000|100%| O|  |TAMS 0x0000000083000000, 0x0000000082f00000| Untracked 
|  18|0x0000000083000000, 0x0000000083100000, 0x0000000083100000|100%| O|  |TAMS 0x0000000083100000, 0x0000000083000000| Untracked 
|  19|0x0000000083100000, 0x00000000831f6a90, 0x0000000083200000| 96%| O|  |TAMS 0x00000000831f6a90, 0x0000000083100000| Untracked 
|  20|0x0000000083200000, 0x0000000083297740, 0x0000000083300000| 59%| O|  |TAMS 0x0000000083200000, 0x0000000083200000| Untracked 
|  21|0x0000000083300000, 0x00000000833fe798, 0x0000000083400000| 99%| O|  |TAMS 0x00000000833fe798, 0x0000000083300000| Untracked 
|  22|0x0000000083400000, 0x0000000083400000, 0x0000000083500000|  0%| F|  |TAMS 0x0000000083400000, 0x0000000083400000| Untracked 
|  23|0x0000000083500000, 0x0000000083500000, 0x0000000083600000|  0%| F|  |TAMS 0x0000000083500000, 0x0000000083500000| Untracked 
|  24|0x0000000083600000, 0x0000000083700000, 0x0000000083700000|100%| O|  |TAMS 0x0000000083700000, 0x0000000083600000| Untracked 
|  25|0x0000000083700000, 0x0000000083700000, 0x0000000083800000|  0%| F|  |TAMS 0x0000000083700000, 0x0000000083700000| Untracked 
|  26|0x0000000083800000, 0x0000000083800000, 0x0000000083900000|  0%| F|  |TAMS 0x0000000083800000, 0x0000000083800000| Untracked 
|  27|0x0000000083900000, 0x0000000083900000, 0x0000000083a00000|  0%| F|  |TAMS 0x0000000083900000, 0x0000000083900000| Untracked 
|  28|0x0000000083a00000, 0x0000000083a00000, 0x0000000083b00000|  0%| F|  |TAMS 0x0000000083a00000, 0x0000000083a00000| Untracked 
|  29|0x0000000083b00000, 0x0000000083b00000, 0x0000000083c00000|  0%| F|  |TAMS 0x0000000083b00000, 0x0000000083b00000| Untracked 
|  30|0x0000000083c00000, 0x0000000083c00000, 0x0000000083d00000|  0%| F|  |TAMS 0x0000000083c00000, 0x0000000083c00000| Untracked 
|  31|0x0000000083d00000, 0x0000000083d00000, 0x0000000083e00000|  0%| F|  |TAMS 0x0000000083d00000, 0x0000000083d00000| Untracked 
|  32|0x0000000083e00000, 0x0000000083e00000, 0x0000000083f00000|  0%| F|  |TAMS 0x0000000083e00000, 0x0000000083e00000| Untracked 
|  33|0x0000000083f00000, 0x0000000083f00000, 0x0000000084000000|  0%| F|  |TAMS 0x0000000083f00000, 0x0000000083f00000| Untracked 
|  34|0x0000000084000000, 0x0000000084000000, 0x0000000084100000|  0%| F|  |TAMS 0x0000000084000000, 0x0000000084000000| Untracked 
|  35|0x0000000084100000, 0x0000000084100000, 0x0000000084200000|  0%| F|  |TAMS 0x0000000084100000, 0x0000000084100000| Untracked 
|  36|0x0000000084200000, 0x0000000084200000, 0x0000000084300000|  0%| F|  |TAMS 0x0000000084200000, 0x0000000084200000| Untracked 
|  37|0x0000000084300000, 0x0000000084300000, 0x0000000084400000|  0%| F|  |TAMS 0x0000000084300000, 0x0000000084300000| Untracked 
|  38|0x0000000084400000, 0x0000000084400000, 0x0000000084500000|  0%| F|  |TAMS 0x0000000084400000, 0x0000000084400000| Untracked 
|  39|0x0000000084500000, 0x0000000084500000, 0x0000000084600000|  0%| F|  |TAMS 0x0000000084500000, 0x0000000084500000| Untracked 
|  40|0x0000000084600000, 0x0000000084600000, 0x0000000084700000|  0%| F|  |TAMS 0x0000000084600000, 0x0000000084600000| Untracked 
|  41|0x0000000084700000, 0x0000000084700000, 0x0000000084800000|  0%| F|  |TAMS 0x0000000084700000, 0x0000000084700000| Untracked 
|  42|0x0000000084800000, 0x0000000084800000, 0x0000000084900000|  0%| F|  |TAMS 0x0000000084800000, 0x0000000084800000| Untracked 
|  43|0x0000000084900000, 0x0000000084900000, 0x0000000084a00000|  0%| F|  |TAMS 0x0000000084900000, 0x0000000084900000| Untracked 
|  44|0x0000000084a00000, 0x0000000084a00000, 0x0000000084b00000|  0%| F|  |TAMS 0x0000000084a00000, 0x0000000084a00000| Untracked 
|  45|0x0000000084b00000, 0x0000000084b00000, 0x0000000084c00000|  0%| F|  |TAMS 0x0000000084b00000, 0x0000000084b00000| Untracked 
|  46|0x0000000084c00000, 0x0000000084c00000, 0x0000000084d00000|  0%| F|  |TAMS 0x0000000084c00000, 0x0000000084c00000| Untracked 
|  47|0x0000000084d00000, 0x0000000084d00000, 0x0000000084e00000|  0%| F|  |TAMS 0x0000000084d00000, 0x0000000084d00000| Untracked 
|  48|0x0000000084e00000, 0x0000000084e00000, 0x0000000084f00000|  0%| F|  |TAMS 0x0000000084e00000, 0x0000000084e00000| Untracked 
|  49|0x0000000084f00000, 0x0000000084f00000, 0x0000000085000000|  0%| F|  |TAMS 0x0000000084f00000, 0x0000000084f00000| Untracked 
|  50|0x0000000085000000, 0x0000000085000000, 0x0000000085100000|  0%| F|  |TAMS 0x0000000085000000, 0x0000000085000000| Untracked 
|  51|0x0000000085100000, 0x0000000085100000, 0x0000000085200000|  0%| F|  |TAMS 0x0000000085100000, 0x0000000085100000| Untracked 
|  52|0x0000000085200000, 0x0000000085200000, 0x0000000085300000|  0%| F|  |TAMS 0x0000000085200000, 0x0000000085200000| Untracked 
|  53|0x0000000085300000, 0x0000000085300000, 0x0000000085400000|  0%| F|  |TAMS 0x0000000085300000, 0x0000000085300000| Untracked 
|  54|0x0000000085400000, 0x0000000085400000, 0x0000000085500000|  0%| F|  |TAMS 0x0000000085400000, 0x0000000085400000| Untracked 
|  55|0x0000000085500000, 0x0000000085500000, 0x0000000085600000|  0%| F|  |TAMS 0x0000000085500000, 0x0000000085500000| Untracked 
|  56|0x0000000085600000, 0x0000000085600000, 0x0000000085700000|  0%| F|  |TAMS 0x0000000085600000, 0x0000000085600000| Untracked 
|  57|0x0000000085700000, 0x0000000085700000, 0x0000000085800000|  0%| F|  |TAMS 0x0000000085700000, 0x0000000085700000| Untracked 
|  58|0x0000000085800000, 0x0000000085800000, 0x0000000085900000|  0%| F|  |TAMS 0x0000000085800000, 0x0000000085800000| Untracked 
|  59|0x0000000085900000, 0x0000000085900000, 0x0000000085a00000|  0%| F|  |TAMS 0x0000000085900000, 0x0000000085900000| Untracked 
|  60|0x0000000085a00000, 0x0000000085a00000, 0x0000000085b00000|  0%| F|  |TAMS 0x0000000085a00000, 0x0000000085a00000| Untracked 
|  61|0x0000000085b00000, 0x0000000085b00000, 0x0000000085c00000|  0%| F|  |TAMS 0x0000000085b00000, 0x0000000085b00000| Untracked 
|  62|0x0000000085c00000, 0x0000000085c00000, 0x0000000085d00000|  0%| F|  |TAMS 0x0000000085c00000, 0x0000000085c00000| Untracked 
|  63|0x0000000085d00000, 0x0000000085d00000, 0x0000000085e00000|  0%| F|  |TAMS 0x0000000085d00000, 0x0000000085d00000| Untracked 
|  64|0x0000000085e00000, 0x0000000085e00000, 0x0000000085f00000|  0%| F|  |TAMS 0x0000000085e00000, 0x0000000085e00000| Untracked 
|  65|0x0000000085f00000, 0x0000000085f00000, 0x0000000086000000|  0%| F|  |TAMS 0x0000000085f00000, 0x0000000085f00000| Untracked 
|  66|0x0000000086000000, 0x0000000086000000, 0x0000000086100000|  0%| F|  |TAMS 0x0000000086000000, 0x0000000086000000| Untracked 
|  67|0x0000000086100000, 0x0000000086100000, 0x0000000086200000|  0%| F|  |TAMS 0x0000000086100000, 0x0000000086100000| Untracked 
|  68|0x0000000086200000, 0x0000000086200000, 0x0000000086300000|  0%| F|  |TAMS 0x0000000086200000, 0x0000000086200000| Untracked 
|  69|0x0000000086300000, 0x0000000086300000, 0x0000000086400000|  0%| F|  |TAMS 0x0000000086300000, 0x0000000086300000| Untracked 
|  70|0x0000000086400000, 0x0000000086400000, 0x0000000086500000|  0%| F|  |TAMS 0x0000000086400000, 0x0000000086400000| Untracked 
|  71|0x0000000086500000, 0x0000000086500000, 0x0000000086600000|  0%| F|  |TAMS 0x0000000086500000, 0x0000000086500000| Untracked 
|  72|0x0000000086600000, 0x0000000086600000, 0x0000000086700000|  0%| F|  |TAMS 0x0000000086600000, 0x0000000086600000| Untracked 
|  73|0x0000000086700000, 0x0000000086700000, 0x0000000086800000|  0%| F|  |TAMS 0x0000000086700000, 0x0000000086700000| Untracked 
|  74|0x0000000086800000, 0x0000000086800000, 0x0000000086900000|  0%| F|  |TAMS 0x0000000086800000, 0x0000000086800000| Untracked 
|  75|0x0000000086900000, 0x0000000086995ca8, 0x0000000086a00000| 58%| E|  |TAMS 0x0000000086900000, 0x0000000086900000| Complete 
|  76|0x0000000086a00000, 0x0000000086b00000, 0x0000000086b00000|100%| E|CS|TAMS 0x0000000086a00000, 0x0000000086a00000| Complete 

Card table byte_map: [0x0000020a54b40000,0x0000020a54f40000] _byte_map_base: 0x0000020a54731000

Marking Bits (Prev, Next): (CMBitMap*) 0x0000020a4eaf63e0, (CMBitMap*) 0x0000020a4eaf63a0
 Prev Bits: [0x0000020a572d0000, 0x0000020a59258000)
 Next Bits: [0x0000020a55340000, 0x0000020a572c8000)

Polling page: 0x0000020a4e290000

Metaspace:

Usage:
  Non-class:     33.66 MB used.
      Class:      4.88 MB used.
       Both:     38.54 MB used.

Virtual space:
  Non-class space:       40.00 MB reserved,      33.88 MB ( 85%) committed,  5 nodes.
      Class space:        1.00 GB reserved,       5.06 MB ( <1%) committed,  1 nodes.
             Both:        1.04 GB reserved,      38.94 MB (  4%) committed. 

Chunk freelists:
   Non-Class:  1.87 MB
       Class:  2.82 MB
        Both:  4.70 MB

MaxMetaspaceSize: unlimited
CompressedClassSpaceSize: 1.00 GB
Initial GC threshold: 21.00 MB
Current GC threshold: 64.81 MB
CDS: off
MetaspaceReclaimPolicy: balanced
 - commit_granule_bytes: 65536.
 - commit_granule_words: 8192.
 - virtual_space_node_default_size: 1048576.
 - enlarge_chunks_in_place: 1.
 - new_chunks_are_fully_committed: 0.
 - uncommit_free_chunks: 1.
 - use_allocation_guard: 0.
 - handle_deallocations: 1.


Internal statistics:

num_allocs_failed_limit: 6.
num_arena_births: 438.
num_arena_deaths: 156.
num_vsnodes_births: 6.
num_vsnodes_deaths: 0.
num_space_committed: 623.
num_space_uncommitted: 0.
num_chunks_returned_to_freelist: 187.
num_chunks_taken_from_freelist: 1682.
num_chunk_merges: 47.
num_chunk_splits: 1108.
num_chunks_enlarged: 839.
num_purges: 12.
num_inconsistent_stats: 0.

CodeCache: size=49152Kb used=10415Kb max_used=11249Kb free=38736Kb
 bounds [0x0000020a51740000, 0x0000020a522b0000, 0x0000020a54740000]
 total_blobs=5838 nmethods=5287 adapters=477
 compilation: enabled
              stopped_count=0, restarted_count=0
 full_count=0

Compilation events (20 events):
Event: 3691.011 Thread 0x0000020a5b65fdc0 5279       1       org.eclipse.jdt.core.dom.TypeBinding::isMember (36 bytes)
Event: 3691.011 Thread 0x0000020a5b65fdc0 nmethod 5279 0x0000020a5212fa10 code [0x0000020a5212fbc0, 0x0000020a5212fda8]
Event: 3691.011 Thread 0x0000020a5b65fdc0 5276  s    1       org.eclipse.jdt.core.dom.DefaultBindingResolver::internalGetTypeBinding (287 bytes)
Event: 3691.012 Thread 0x0000020a5b65fdc0 nmethod 5276 0x0000020a5212e310 code [0x0000020a5212e620, 0x0000020a5212f468]
Event: 3691.012 Thread 0x0000020a5b65fdc0 5280       1       java.util.stream.Streams$AbstractStreamBuilderImpl::characteristics (4 bytes)
Event: 3691.012 Thread 0x0000020a5b65fdc0 nmethod 5280 0x0000020a5212e010 code [0x0000020a5212e1a0, 0x0000020a5212e278]
Event: 3691.012 Thread 0x0000020a5b65fdc0 5275       1       org.eclipse.jdt.internal.compiler.lookup.BinaryTypeBinding::getField (89 bytes)
Event: 3691.013 Thread 0x0000020a5b65fdc0 nmethod 5275 0x0000020a5212da90 code [0x0000020a5212dc60, 0x0000020a5212de98]
Event: 3694.967 Thread 0x0000020a5b65fdc0 5281       1       java.lang.invoke.VarHandleGuards::guard_LII_Z (86 bytes)
Event: 3694.970 Thread 0x0000020a5b65fdc0 nmethod 5281 0x0000020a5212c410 code [0x0000020a5212c6a0, 0x0000020a5212d148]
Event: 3694.970 Thread 0x0000020a5b65fdc0 5282       1       java.lang.invoke.VarHandleInts$FieldInstanceReadWrite::compareAndSet (32 bytes)
Event: 3694.972 Thread 0x0000020a5b65fdc0 nmethod 5282 0x0000020a5212be10 code [0x0000020a5212bfc0, 0x0000020a5212c268]
Event: 3704.345 Thread 0x0000020a5b65fdc0 5284       1       com.google.gson.internal.bind.ReflectiveTypeAdapterFactory$1::writeField (29 bytes)
Event: 3704.351 Thread 0x0000020a5b65fdc0 nmethod 5284 0x0000020a5212b910 code [0x0000020a5212bae0, 0x0000020a5212bcb8]
Event: 3704.351 Thread 0x0000020a5b65fdc0 5285       1       com.google.gson.internal.bind.ReflectiveTypeAdapterFactory$1::write (55 bytes)
Event: 3704.354 Thread 0x0000020a5b65fdc0 nmethod 5285 0x0000020a5212b290 code [0x0000020a5212b460, 0x0000020a5212b7a8]
Event: 3704.354 Thread 0x0000020a5b65fdc0 5286       1       org.eclipse.lsp4j.jsonrpc.messages.Either::getRight (5 bytes)
Event: 3704.354 Thread 0x0000020a5b65fdc0 nmethod 5286 0x0000020a5212af90 code [0x0000020a5212b120, 0x0000020a5212b1f8]
Event: 3730.516 Thread 0x0000020a5b65fdc0 5287       1       org.eclipse.lsp4j.jsonrpc.messages.IdentifiableMessage::setRawId (6 bytes)
Event: 3730.516 Thread 0x0000020a5b65fdc0 nmethod 5287 0x0000020a5212ac90 code [0x0000020a5212ae20, 0x0000020a5212af38]

GC Heap History (20 events):
Event: 3639.672 GC heap before
{Heap before GC invocations=331 (full 309):
 garbage-first heap   total 78848K, used 23218K [0x0000000081e00000, 0x0000000100000000)
  region size 1024K, 2 young (2048K), 0 survivors (0K)
 Metaspace       used 39440K, committed 39808K, reserved 1089536K
  class space    used 4990K, committed 5184K, reserved 1048576K
}
Event: 3639.708 GC heap after
{Heap after GC invocations=332 (full 310):
 garbage-first heap   total 78848K, used 22194K [0x0000000081e00000, 0x0000000100000000)
  region size 1024K, 0 young (0K), 0 survivors (0K)
 Metaspace       used 39440K, committed 39808K, reserved 1089536K
  class space    used 4990K, committed 5184K, reserved 1048576K
}
Event: 3650.034 GC heap before
{Heap before GC invocations=332 (full 310):
 garbage-first heap   total 78848K, used 23218K [0x0000000081e00000, 0x0000000100000000)
  region size 1024K, 2 young (2048K), 0 survivors (0K)
 Metaspace       used 39440K, committed 39808K, reserved 1089536K
  class space    used 4990K, committed 5184K, reserved 1048576K
}
Event: 3650.064 GC heap after
{Heap after GC invocations=333 (full 311):
 garbage-first heap   total 78848K, used 22194K [0x0000000081e00000, 0x0000000100000000)
  region size 1024K, 0 young (0K), 0 survivors (0K)
 Metaspace       used 39440K, committed 39808K, reserved 1089536K
  class space    used 4990K, committed 5184K, reserved 1048576K
}
Event: 3660.429 GC heap before
{Heap before GC invocations=333 (full 311):
 garbage-first heap   total 78848K, used 23218K [0x0000000081e00000, 0x0000000100000000)
  region size 1024K, 2 young (2048K), 0 survivors (0K)
 Metaspace       used 39440K, committed 39808K, reserved 1089536K
  class space    used 4990K, committed 5184K, reserved 1048576K
}
Event: 3660.467 GC heap after
{Heap after GC invocations=334 (full 312):
 garbage-first heap   total 78848K, used 22194K [0x0000000081e00000, 0x0000000100000000)
  region size 1024K, 0 young (0K), 0 survivors (0K)
 Metaspace       used 39440K, committed 39808K, reserved 1089536K
  class space    used 4990K, committed 5184K, reserved 1048576K
}
Event: 3670.813 GC heap before
{Heap before GC invocations=334 (full 312):
 garbage-first heap   total 78848K, used 23218K [0x0000000081e00000, 0x0000000100000000)
  region size 1024K, 2 young (2048K), 0 survivors (0K)
 Metaspace       used 39440K, committed 39808K, reserved 1089536K
  class space    used 4990K, committed 5184K, reserved 1048576K
}
Event: 3670.845 GC heap after
{Heap after GC invocations=335 (full 313):
 garbage-first heap   total 78848K, used 22194K [0x0000000081e00000, 0x0000000100000000)
  region size 1024K, 0 young (0K), 0 survivors (0K)
 Metaspace       used 39440K, committed 39808K, reserved 1089536K
  class space    used 4990K, committed 5184K, reserved 1048576K
}
Event: 3681.229 GC heap before
{Heap before GC invocations=335 (full 313):
 garbage-first heap   total 78848K, used 23218K [0x0000000081e00000, 0x0000000100000000)
  region size 1024K, 2 young (2048K), 0 survivors (0K)
 Metaspace       used 39440K, committed 39808K, reserved 1089536K
  class space    used 4990K, committed 5184K, reserved 1048576K
}
Event: 3681.253 GC heap after
{Heap after GC invocations=336 (full 314):
 garbage-first heap   total 78848K, used 22194K [0x0000000081e00000, 0x0000000100000000)
  region size 1024K, 0 young (0K), 0 survivors (0K)
 Metaspace       used 39440K, committed 39808K, reserved 1089536K
  class space    used 4990K, committed 5184K, reserved 1048576K
}
Event: 3761.897 GC heap before
{Heap before GC invocations=336 (full 314):
 garbage-first heap   total 78848K, used 36530K [0x0000000081e00000, 0x0000000100000000)
  region size 1024K, 16 young (16384K), 0 survivors (0K)
 Metaspace       used 39466K, committed 39872K, reserved 1089536K
  class space    used 4995K, committed 5184K, reserved 1048576K
}
Event: 3761.962 GC heap after
{Heap after GC invocations=337 (full 315):
 garbage-first heap   total 78848K, used 23688K [0x0000000081e00000, 0x0000000100000000)
  region size 1024K, 0 young (0K), 0 survivors (0K)
 Metaspace       used 39466K, committed 39872K, reserved 1089536K
  class space    used 4995K, committed 5184K, reserved 1048576K
}
Event: 3772.509 GC heap before
{Heap before GC invocations=337 (full 315):
 garbage-first heap   total 78848K, used 24712K [0x0000000081e00000, 0x0000000100000000)
  region size 1024K, 2 young (2048K), 0 survivors (0K)
 Metaspace       used 39466K, committed 39872K, reserved 1089536K
  class space    used 4995K, committed 5184K, reserved 1048576K
}
Event: 3772.551 GC heap after
{Heap after GC invocations=338 (full 316):
 garbage-first heap   total 78848K, used 22836K [0x0000000081e00000, 0x0000000100000000)
  region size 1024K, 0 young (0K), 0 survivors (0K)
 Metaspace       used 39466K, committed 39872K, reserved 1089536K
  class space    used 4995K, committed 5184K, reserved 1048576K
}
Event: 3782.872 GC heap before
{Heap before GC invocations=338 (full 316):
 garbage-first heap   total 78848K, used 23860K [0x0000000081e00000, 0x0000000100000000)
  region size 1024K, 2 young (2048K), 0 survivors (0K)
 Metaspace       used 39466K, committed 39872K, reserved 1089536K
  class space    used 4995K, committed 5184K, reserved 1048576K
}
Event: 3782.924 GC heap after
{Heap after GC invocations=339 (full 317):
 garbage-first heap   total 78848K, used 22836K [0x0000000081e00000, 0x0000000100000000)
  region size 1024K, 0 young (0K), 0 survivors (0K)
 Metaspace       used 39466K, committed 39872K, reserved 1089536K
  class space    used 4995K, committed 5184K, reserved 1048576K
}
Event: 3793.155 GC heap before
{Heap before GC invocations=339 (full 317):
 garbage-first heap   total 78848K, used 23860K [0x0000000081e00000, 0x0000000100000000)
  region size 1024K, 2 young (2048K), 0 survivors (0K)
 Metaspace       used 39466K, committed 39872K, reserved 1089536K
  class space    used 4995K, committed 5184K, reserved 1048576K
}
Event: 3793.185 GC heap after
{Heap after GC invocations=340 (full 318):
 garbage-first heap   total 78848K, used 22836K [0x0000000081e00000, 0x0000000100000000)
  region size 1024K, 0 young (0K), 0 survivors (0K)
 Metaspace       used 39466K, committed 39872K, reserved 1089536K
  class space    used 4995K, committed 5184K, reserved 1048576K
}
Event: 3803.448 GC heap before
{Heap before GC invocations=340 (full 318):
 garbage-first heap   total 78848K, used 23860K [0x0000000081e00000, 0x0000000100000000)
  region size 1024K, 2 young (2048K), 0 survivors (0K)
 Metaspace       used 39466K, committed 39872K, reserved 1089536K
  class space    used 4995K, committed 5184K, reserved 1048576K
}
Event: 3803.480 GC heap after
{Heap after GC invocations=341 (full 319):
 garbage-first heap   total 78848K, used 22836K [0x0000000081e00000, 0x0000000100000000)
  region size 1024K, 0 young (0K), 0 survivors (0K)
 Metaspace       used 39466K, committed 39872K, reserved 1089536K
  class space    used 4995K, committed 5184K, reserved 1048576K
}

Deoptimization events (20 events):
Event: 9.983 Thread 0x0000020a5e7190d0 DEOPT UNPACKING pc=0x0000020a51792b43 sp=0x0000003a319fce00 mode 3
Event: 9.983 Thread 0x0000020a5e752600 DEOPT UNPACKING pc=0x0000020a51792b43 sp=0x0000003a315fc3c0 mode 3
Event: 10.013 Thread 0x0000020a5e7190d0 DEOPT PACKING pc=0x0000020a51ef4364 sp=0x0000003a319fd890
Event: 10.013 Thread 0x0000020a5e7190d0 DEOPT UNPACKING pc=0x0000020a51792b43 sp=0x0000003a319fcdb8 mode 0
Event: 10.045 Thread 0x0000020a5e752600 DEOPT PACKING pc=0x0000020a51f87970 sp=0x0000003a315fc990
Event: 10.045 Thread 0x0000020a5e752600 DEOPT UNPACKING pc=0x0000020a51792b43 sp=0x0000003a315fbe88 mode 3
Event: 10.075 Thread 0x0000020a5e7178c0 DEOPT PACKING pc=0x0000020a51fab95b sp=0x0000003a317fd2d0
Event: 10.075 Thread 0x0000020a5e7178c0 DEOPT UNPACKING pc=0x0000020a51792b43 sp=0x0000003a317fc768 mode 3
Event: 10.085 Thread 0x0000020a5e7178c0 DEOPT PACKING pc=0x0000020a51fb2214 sp=0x0000003a317fc720
Event: 10.085 Thread 0x0000020a5e7178c0 DEOPT UNPACKING pc=0x0000020a51792b43 sp=0x0000003a317fbbd8 mode 3
Event: 10.109 Thread 0x0000020a5e7190d0 DEOPT PACKING pc=0x0000020a51f4928c sp=0x0000003a319fe300
Event: 10.109 Thread 0x0000020a5e7190d0 DEOPT UNPACKING pc=0x0000020a51792b43 sp=0x0000003a319fd9e8 mode 0
Event: 10.199 Thread 0x0000020a5e7190d0 DEOPT PACKING pc=0x0000020a51fd0546 sp=0x0000003a319fdbd0
Event: 10.199 Thread 0x0000020a5e7190d0 DEOPT UNPACKING pc=0x0000020a51792b43 sp=0x0000003a319fd0c0 mode 3
Event: 171.864 Thread 0x0000020a5c6b0030 DEOPT PACKING pc=0x0000020a51ccfbd4 sp=0x0000003a312feb70
Event: 171.864 Thread 0x0000020a5c6b0030 DEOPT UNPACKING pc=0x0000020a51792b43 sp=0x0000003a312fe018 mode 0
Event: 717.999 Thread 0x0000020a5e752600 DEOPT PACKING pc=0x0000020a51c0dcbe sp=0x0000003a315fc940
Event: 717.999 Thread 0x0000020a5e752600 DEOPT UNPACKING pc=0x0000020a51792b43 sp=0x0000003a315fbe38 mode 3
Event: 735.556 Thread 0x0000020a5e7178c0 DEOPT PACKING pc=0x0000020a520af9c6 sp=0x0000003a317fe450
Event: 735.556 Thread 0x0000020a5e7178c0 DEOPT UNPACKING pc=0x0000020a51792b43 sp=0x0000003a317fd910 mode 3

Classes unloaded (20 events):
Event: 89.240 Thread 0x0000020a5b600000 Unloading class 0x00000001001de000 'java/lang/invoke/LambdaForm$MH+0x00000001001de000'
Event: 89.240 Thread 0x0000020a5b600000 Unloading class 0x00000001001ddc00 'java/lang/invoke/LambdaForm$MH+0x00000001001ddc00'
Event: 89.240 Thread 0x0000020a5b600000 Unloading class 0x00000001001dd800 'java/lang/invoke/LambdaForm$MH+0x00000001001dd800'
Event: 89.240 Thread 0x0000020a5b600000 Unloading class 0x00000001001dd000 'java/lang/invoke/LambdaForm$MH+0x00000001001dd000'
Event: 89.240 Thread 0x0000020a5b600000 Unloading class 0x00000001000c8000 'java/lang/invoke/LambdaForm$MH+0x00000001000c8000'
Event: 263.492 Thread 0x0000020a5b600000 Unloading class 0x00000001003f2000 'java/lang/invoke/LambdaForm$MH+0x00000001003f2000'
Event: 263.492 Thread 0x0000020a5b600000 Unloading class 0x00000001003f2c00 'java/lang/invoke/LambdaForm$MH+0x00000001003f2c00'
Event: 263.492 Thread 0x0000020a5b600000 Unloading class 0x00000001003f3400 'java/lang/invoke/LambdaForm$MH+0x00000001003f3400'
Event: 594.147 Thread 0x0000020a5b600000 Unloading class 0x00000001001de800 'java/lang/invoke/LambdaForm$MH+0x00000001001de800'
Event: 594.147 Thread 0x0000020a5b600000 Unloading class 0x00000001002e1400 'java/lang/invoke/LambdaForm$MH+0x00000001002e1400'
Event: 594.147 Thread 0x0000020a5b600000 Unloading class 0x00000001002e2000 'java/lang/invoke/LambdaForm$MH+0x00000001002e2000'
Event: 594.147 Thread 0x0000020a5b600000 Unloading class 0x00000001003dd000 'java/lang/invoke/LambdaForm$MH+0x00000001003dd000'
Event: 594.147 Thread 0x0000020a5b600000 Unloading class 0x00000001003f0000 'java/lang/invoke/LambdaForm$MH+0x00000001003f0000'
Event: 594.147 Thread 0x0000020a5b600000 Unloading class 0x00000001003f1000 'java/lang/invoke/LambdaForm$MH+0x00000001003f1000'
Event: 594.147 Thread 0x0000020a5b600000 Unloading class 0x00000001003f3400 'java/lang/invoke/LambdaForm$MH+0x00000001003f3400'
Event: 594.147 Thread 0x0000020a5b600000 Unloading class 0x00000001003f2c00 'java/lang/invoke/LambdaForm$MH+0x00000001003f2c00'
Event: 594.147 Thread 0x0000020a5b600000 Unloading class 0x00000001003f2000 'java/lang/invoke/LambdaForm$MH+0x00000001003f2000'
Event: 779.699 Thread 0x0000020a5b600000 Unloading class 0x00000001003dd000 'java/lang/invoke/LambdaForm$MH+0x00000001003dd000'
Event: 779.699 Thread 0x0000020a5b600000 Unloading class 0x00000001002e2000 'java/lang/invoke/LambdaForm$MH+0x00000001002e2000'
Event: 779.699 Thread 0x0000020a5b600000 Unloading class 0x00000001002e1400 'java/lang/invoke/LambdaForm$MH+0x00000001002e1400'

Classes redefined (0 events):
No events

Internal exceptions (20 events):
Event: 733.648 Thread 0x0000020a5e7178c0 Exception <a 'java/lang/ArrayIndexOutOfBoundsException'{0x0000000085d64920}> (0x0000000085d64920) 
thrown [e:\jenkins\tmp\workspace\build\src\src\hotspot\share\runtime\sharedRuntime.cpp, line 628]
Event: 733.658 Thread 0x0000020a5e7178c0 Exception <a 'java/lang/ArrayIndexOutOfBoundsException'{0x0000000085d7e9e8}> (0x0000000085d7e9e8) 
thrown [e:\jenkins\tmp\workspace\build\src\src\hotspot\share\runtime\sharedRuntime.cpp, line 628]
Event: 733.662 Thread 0x0000020a5e7178c0 Exception <a 'java/lang/ArrayIndexOutOfBoundsException'{0x0000000085d8f548}> (0x0000000085d8f548) 
thrown [e:\jenkins\tmp\workspace\build\src\src\hotspot\share\runtime\sharedRuntime.cpp, line 628]
Event: 733.666 Thread 0x0000020a5e7178c0 Exception <a 'java/lang/ArrayIndexOutOfBoundsException'{0x0000000085da0318}> (0x0000000085da0318) 
thrown [e:\jenkins\tmp\workspace\build\src\src\hotspot\share\runtime\sharedRuntime.cpp, line 628]
Event: 733.672 Thread 0x0000020a5e7178c0 Exception <a 'java/lang/ArrayIndexOutOfBoundsException'{0x0000000085db5be0}> (0x0000000085db5be0) 
thrown [e:\jenkins\tmp\workspace\build\src\src\hotspot\share\runtime\sharedRuntime.cpp, line 628]
Event: 734.378 Thread 0x0000020a5e752600 Exception <a 'java/lang/ArrayIndexOutOfBoundsException'{0x0000000085b37098}> (0x0000000085b37098) 
thrown [e:\jenkins\tmp\workspace\build\src\src\hotspot\share\runtime\sharedRuntime.cpp, line 628]
Event: 734.774 Thread 0x0000020a5e752600 Exception <a 'java/lang/ArrayIndexOutOfBoundsException'{0x00000000858795e0}> (0x00000000858795e0) 
thrown [e:\jenkins\tmp\workspace\build\src\src\hotspot\share\runtime\sharedRuntime.cpp, line 628]
Event: 735.232 Thread 0x0000020a5e752600 Exception <a 'java/lang/ArrayIndexOutOfBoundsException'{0x00000000856d8c90}> (0x00000000856d8c90) 
thrown [e:\jenkins\tmp\workspace\build\src\src\hotspot\share\runtime\sharedRuntime.cpp, line 628]
Event: 735.443 Thread 0x0000020a5e7178c0 Exception <a 'java/lang/ArrayIndexOutOfBoundsException'{0x00000000853af3f8}> (0x00000000853af3f8) 
thrown [e:\jenkins\tmp\workspace\build\src\src\hotspot\share\runtime\sharedRuntime.cpp, line 628]
Event: 735.526 Thread 0x0000020a5e7178c0 Exception <a 'java/lang/ArrayIndexOutOfBoundsException'{0x00000000861c3c38}> (0x00000000861c3c38) 
thrown [e:\jenkins\tmp\workspace\build\src\src\hotspot\share\runtime\sharedRuntime.cpp, line 628]
Event: 735.527 Thread 0x0000020a5e7178c0 Exception <a 'java/lang/ArrayIndexOutOfBoundsException'{0x00000000861d7578}> (0x00000000861d7578) 
thrown [e:\jenkins\tmp\workspace\build\src\src\hotspot\share\runtime\sharedRuntime.cpp, line 628]
Event: 735.531 Thread 0x0000020a5e7178c0 Exception <a 'java/lang/ArrayIndexOutOfBoundsException'{0x00000000861f1640}> (0x00000000861f1640) 
thrown [e:\jenkins\tmp\workspace\build\src\src\hotspot\share\runtime\sharedRuntime.cpp, line 628]
Event: 735.535 Thread 0x0000020a5e7178c0 Exception <a 'java/lang/ArrayIndexOutOfBoundsException'{0x0000000086002200}> (0x0000000086002200) 
thrown [e:\jenkins\tmp\workspace\build\src\src\hotspot\share\runtime\sharedRuntime.cpp, line 628]
Event: 735.541 Thread 0x0000020a5e7178c0 Exception <a 'java/lang/ArrayIndexOutOfBoundsException'{0x0000000086012fd0}> (0x0000000086012fd0) 
thrown [e:\jenkins\tmp\workspace\build\src\src\hotspot\share\runtime\sharedRuntime.cpp, line 628]
Event: 735.543 Thread 0x0000020a5e7178c0 Exception <a 'java/lang/ArrayIndexOutOfBoundsException'{0x0000000086028898}> (0x0000000086028898) 
thrown [e:\jenkins\tmp\workspace\build\src\src\hotspot\share\runtime\sharedRuntime.cpp, line 628]
Event: 735.556 Thread 0x0000020a5e7178c0 Implicit null exception at 0x0000020a520af6ba to 0x0000020a520af9c1
Event: 1003.803 Thread 0x0000020a5e7178c0 Exception <a 'java/lang/ArrayIndexOutOfBoundsException'{0x0000000086afc688}> (0x0000000086afc688) 
thrown [e:\jenkins\tmp\workspace\build\src\src\hotspot\share\runtime\sharedRuntime.cpp, line 628]
Event: 3632.533 Thread 0x0000020a5e74b790 Exception <a 'java/lang/IllegalArgumentException'{0x0000000086acd8c8}: Could not map vmid to user name> (0x0000000086acd8c8) 
thrown [e:\jenkins\tmp\workspace\build\src\src\hotspot\os\windows\perfMemory_windows.cpp, line 1617]
Event: 3632.537 Thread 0x0000020a5e74b790 Exception <a 'java/io/FileNotFoundException'{0x0000000086acdcf8}> (0x0000000086acdcf8) 
thrown [e:\jenkins\tmp\workspace\build\src\src\hotspot\share\prims\jni.cpp, line 516]
Event: 3690.874 Thread 0x0000020a5e752600 Exception <a 'java/lang/ArrayIndexOutOfBoundsException'{0x000000008695ce50}> (0x000000008695ce50) 
thrown [e:\jenkins\tmp\workspace\build\src\src\hotspot\share\runtime\sharedRuntime.cpp, line 628]

VM Operations (20 events):
Event: 3660.467 Executing VM operation: G1CollectFull done
Event: 3670.813 Executing VM operation: G1CollectFull
Event: 3670.845 Executing VM operation: G1CollectFull done
Event: 3681.229 Executing VM operation: G1CollectFull
Event: 3681.253 Executing VM operation: G1CollectFull done
Event: 3691.334 Executing VM operation: Cleanup
Event: 3691.334 Executing VM operation: Cleanup done
Event: 3712.474 Executing VM operation: Cleanup
Event: 3712.474 Executing VM operation: Cleanup done
Event: 3761.897 Executing VM operation: G1CollectFull
Event: 3761.962 Executing VM operation: G1CollectFull done
Event: 3772.509 Executing VM operation: G1CollectFull
Event: 3772.551 Executing VM operation: G1CollectFull done
Event: 3782.872 Executing VM operation: G1CollectFull
Event: 3782.924 Executing VM operation: G1CollectFull done
Event: 3793.155 Executing VM operation: G1CollectFull
Event: 3793.185 Executing VM operation: G1CollectFull done
Event: 3803.448 Executing VM operation: G1CollectFull
Event: 3803.480 Executing VM operation: G1CollectFull done
Event: 3813.546 Executing VM operation: G1CollectFull

Events (20 events):
Event: 47.129 loading class java/lang/Process$PipeInputStream
Event: 47.129 loading class java/lang/Process$PipeInputStream done
Event: 47.131 loading class jdk/internal/event/ProcessStartEvent
Event: 47.131 loading class jdk/internal/event/ProcessStartEvent done
Event: 47.599 loading class java/io/FileOutputStream$1
Event: 47.599 loading class java/io/FileOutputStream$1 done
Event: 733.106 Thread 0x0000020a5e6004b0 Thread added: 0x0000020a5e6004b0
Event: 734.370 Thread 0x0000020a5e6004b0 Thread exited: 0x0000020a5e6004b0
Event: 735.489 Thread 0x0000020a5e6004b0 Thread added: 0x0000020a5e6004b0
Event: 741.035 Thread 0x0000020a5e6004b0 Thread exited: 0x0000020a5e6004b0
Event: 946.614 Thread 0x0000020a5e6004b0 Thread added: 0x0000020a5e6004b0
Event: 946.614 Thread 0x0000020a68308b20 Thread added: 0x0000020a68308b20
Event: 951.645 Thread 0x0000020a68308b20 Thread exited: 0x0000020a68308b20
Event: 956.654 Thread 0x0000020a5e6004b0 Thread exited: 0x0000020a5e6004b0
Event: 2030.422 Thread 0x0000020a5ec1a1f0 Thread added: 0x0000020a5ec1a1f0
Event: 2030.423 Thread 0x0000020a5ec1b080 Thread added: 0x0000020a5ec1b080
Event: 2035.438 Thread 0x0000020a5ec1b080 Thread exited: 0x0000020a5ec1b080
Event: 2035.454 Thread 0x0000020a5ec1a1f0 Thread exited: 0x0000020a5ec1a1f0
Event: 2543.139 loading class java/util/concurrent/CompletionException
Event: 2543.141 loading class java/util/concurrent/CompletionException done


Dynamic libraries:
0x00007ff6ae980000 - 0x00007ff6ae98e000 	c:\Users\hevra\.vscode\extensions\redhat.java-1.4.0\jre\17.0.2-win32-x86_64\bin\java.exe
0x00007ffbb48f0000 - 0x00007ffbb4ae5000 	C:\Windows\SYSTEM32\ntdll.dll
0x00007ffbb2cc0000 - 0x00007ffbb2d7e000 	C:\Windows\System32\KERNEL32.DLL
0x00007ffbb20a0000 - 0x00007ffbb2368000 	C:\Windows\System32\KERNELBASE.dll
0x00007ffbb2530000 - 0x00007ffbb2630000 	C:\Windows\System32\ucrtbase.dll
0x00007ffbad000000 - 0x00007ffbad018000 	c:\Users\hevra\.vscode\extensions\redhat.java-1.4.0\jre\17.0.2-win32-x86_64\bin\jli.dll
0x00007ffbb36d0000 - 0x00007ffbb3870000 	C:\Windows\System32\USER32.dll
0x00007ffbb28a0000 - 0x00007ffbb28c2000 	C:\Windows\System32\win32u.dll
0x00007ffbb2d80000 - 0x00007ffbb2dab000 	C:\Windows\System32\GDI32.dll
0x00007ffbb2370000 - 0x00007ffbb247b000 	C:\Windows\System32\gdi32full.dll
0x00007ffbb2800000 - 0x00007ffbb289d000 	C:\Windows\System32\msvcp_win.dll
0x00007ffbaabe0000 - 0x00007ffbaabf9000 	c:\Users\hevra\.vscode\extensions\redhat.java-1.4.0\jre\17.0.2-win32-x86_64\bin\VCRUNTIME140.dll
0x00007ffb96f70000 - 0x00007ffb9720a000 	C:\Windows\WinSxS\amd64_microsoft.windows.common-controls_6595b64144ccf1df_6.0.19041.1110_none_60b5254171f9507e\COMCTL32.dll
0x00007ffbb35a0000 - 0x00007ffbb363e000 	C:\Windows\System32\msvcrt.dll
0x00007ffbb3240000 - 0x00007ffbb3270000 	C:\Windows\System32\IMM32.DLL
0x00007ffbad420000 - 0x00007ffbad42c000 	c:\Users\hevra\.vscode\extensions\redhat.java-1.4.0\jre\17.0.2-win32-x86_64\bin\vcruntime140_1.dll
0x00007ffb71ef0000 - 0x00007ffb71f81000 	c:\Users\hevra\.vscode\extensions\redhat.java-1.4.0\jre\17.0.2-win32-x86_64\bin\msvcp140.dll
0x00007ffb202a0000 - 0x00007ffb20ee7000 	c:\Users\hevra\.vscode\extensions\redhat.java-1.4.0\jre\17.0.2-win32-x86_64\bin\server\jvm.dll
0x00007ffbb3bb0000 - 0x00007ffbb3c5e000 	C:\Windows\System32\ADVAPI32.dll
0x00007ffbb2db0000 - 0x00007ffbb2e4c000 	C:\Windows\System32\sechost.dll
0x00007ffbb32e0000 - 0x00007ffbb3405000 	C:\Windows\System32\RPCRT4.dll
0x00007ffbb2950000 - 0x00007ffbb2958000 	C:\Windows\System32\PSAPI.DLL
0x00007ffbaaab0000 - 0x00007ffbaaab9000 	C:\Windows\SYSTEM32\WSOCK32.dll
0x00007ffbb31b0000 - 0x00007ffbb321b000 	C:\Windows\System32\WS2_32.dll
0x00007ffb95140000 - 0x00007ffb95167000 	C:\Windows\SYSTEM32\WINMM.dll
0x00007ffbab0b0000 - 0x00007ffbab0ba000 	C:\Windows\SYSTEM32\VERSION.dll
0x00007ffbafee0000 - 0x00007ffbafef2000 	C:\Windows\SYSTEM32\kernel.appcore.dll
0x00007ffbaaaa0000 - 0x00007ffbaaaaa000 	c:\Users\hevra\.vscode\extensions\redhat.java-1.4.0\jre\17.0.2-win32-x86_64\bin\jimage.dll
0x00007ffb9e450000 - 0x00007ffb9e634000 	C:\Windows\SYSTEM32\DBGHELP.DLL
0x00007ffb991f0000 - 0x00007ffb9921c000 	C:\Windows\SYSTEM32\dbgcore.DLL
0x00007ffbb2010000 - 0x00007ffbb2092000 	C:\Windows\System32\bcryptPrimitives.dll
0x00007ffbaaa70000 - 0x00007ffbaaa95000 	c:\Users\hevra\.vscode\extensions\redhat.java-1.4.0\jre\17.0.2-win32-x86_64\bin\java.dll
0x00007ffbaaa50000 - 0x00007ffbaaa68000 	c:\Users\hevra\.vscode\extensions\redhat.java-1.4.0\jre\17.0.2-win32-x86_64\bin\zip.dll
0x00007ffbb3c60000 - 0x00007ffbb43a4000 	C:\Windows\System32\SHELL32.dll
0x00007ffbb00c0000 - 0x00007ffbb0854000 	C:\Windows\SYSTEM32\windows.storage.dll
0x00007ffbb2960000 - 0x00007ffbb2cb4000 	C:\Windows\System32\combase.dll
0x00007ffbb1990000 - 0x00007ffbb19bc000 	C:\Windows\SYSTEM32\Wldp.dll
0x00007ffbb3410000 - 0x00007ffbb34bd000 	C:\Windows\System32\SHCORE.dll
0x00007ffbb3270000 - 0x00007ffbb32c5000 	C:\Windows\System32\shlwapi.dll
0x00007ffbb1f50000 - 0x00007ffbb1f6f000 	C:\Windows\SYSTEM32\profapi.dll
0x00007ffba27d0000 - 0x00007ffba27e9000 	C:\Users\hevra\.vscode\extensions\redhat.java-1.4.0\jre\17.0.2-win32-x86_64\bin\net.dll
0x00007ffba2e40000 - 0x00007ffba2f49000 	C:\Windows\SYSTEM32\WINHTTP.dll
0x00007ffbb1770000 - 0x00007ffbb17da000 	C:\Windows\system32\mswsock.dll
0x00007ffba27b0000 - 0x00007ffba27c5000 	C:\Users\hevra\.vscode\extensions\redhat.java-1.4.0\jre\17.0.2-win32-x86_64\bin\nio.dll
0x00007ffbaa9c0000 - 0x00007ffbaa9d0000 	c:\Users\hevra\.vscode\extensions\redhat.java-1.4.0\jre\17.0.2-win32-x86_64\bin\verify.dll
0x00007ffbad0c0000 - 0x00007ffbad0c9000 	C:\Users\hevra\.vscode\extensions\redhat.java-1.4.0\jre\17.0.2-win32-x86_64\bin\management.dll
0x00007ffbad0b0000 - 0x00007ffbad0bb000 	C:\Users\hevra\.vscode\extensions\redhat.java-1.4.0\jre\17.0.2-win32-x86_64\bin\management_ext.dll
0x00007ffb90360000 - 0x00007ffb90377000 	C:\Windows\system32\napinsp.dll
0x00007ffb8f290000 - 0x00007ffb8f2ab000 	C:\Windows\system32\pnrpnsp.dll
0x00007ffb8f270000 - 0x00007ffb8f285000 	C:\Windows\system32\wshbth.dll
0x00007ffbada70000 - 0x00007ffbada8d000 	C:\Windows\system32\NLAapi.dll
0x00007ffbb1430000 - 0x00007ffbb146b000 	C:\Windows\SYSTEM32\IPHLPAPI.DLL
0x00007ffbb1480000 - 0x00007ffbb154a000 	C:\Windows\SYSTEM32\DNSAPI.dll
0x00007ffbb4820000 - 0x00007ffbb4828000 	C:\Windows\System32\NSI.dll
0x00007ffb8f250000 - 0x00007ffb8f262000 	C:\Windows\System32\winrnr.dll
0x00007ffba2950000 - 0x00007ffba295a000 	C:\Windows\System32\rasadhlp.dll
0x00007ffba2a30000 - 0x00007ffba2aaf000 	C:\Windows\System32\fwpuclnt.dll
0x00007ffbb28d0000 - 0x00007ffbb28f7000 	C:\Windows\System32\bcrypt.dll
0x00007ffbb1d40000 - 0x00007ffbb1d58000 	C:\Windows\SYSTEM32\CRYPTSP.dll
0x00007ffbb10a0000 - 0x00007ffbb10d4000 	C:\Windows\system32\rsaenh.dll
0x00007ffbb1f10000 - 0x00007ffbb1f3e000 	C:\Windows\SYSTEM32\USERENV.dll
0x00007ffbb1900000 - 0x00007ffbb190c000 	C:\Windows\SYSTEM32\CRYPTBASE.dll
0x00007ffba9db0000 - 0x00007ffba9dc7000 	C:\Windows\SYSTEM32\dhcpcsvc6.DLL
0x00007ffba8f70000 - 0x00007ffba8f8d000 	C:\Windows\SYSTEM32\dhcpcsvc.DLL
0x00007ffbad0a0000 - 0x00007ffbad0a9000 	C:\Users\hevra\.vscode\extensions\redhat.java-1.4.0\jre\17.0.2-win32-x86_64\bin\attach.dll

dbghelp: loaded successfully - version: 4.0.5 - missing functions: none
symbol engine: initialized successfully - sym options: 0x614 - pdb path: .;c:\Users\hevra\.vscode\extensions\redhat.java-1.4.0\jre\17.0.2-win32-x86_64\bin;C:\Windows\SYSTEM32;C:\Windows\WinSxS\amd64_microsoft.windows.common-controls_6595b64144ccf1df_6.0.19041.1110_none_60b5254171f9507e;c:\Users\hevra\.vscode\extensions\redhat.java-1.4.0\jre\17.0.2-win32-x86_64\bin\server

VM Arguments:
jvm_args: -Dsts.lsp.client=vscode -Dsts.log.file=/dev/null -XX:TieredStopAtLevel=1 -Dspring.config.location=file:c:\Users\hevra\.vscode\extensions\pivotal.vscode-spring-boot-1.32.0\language-server\BOOT-INF\classes\application.properties 
java_command: org.springframework.ide.vscode.boot.app.BootLanguageServerBootApp
java_class_path (initial): c:\Users\hevra\.vscode\extensions\pivotal.vscode-spring-boot-1.32.0\language-server\BOOT-INF\classes;c:\Users\hevra\.vscode\extensions\pivotal.vscode-spring-boot-1.32.0\language-server\BOOT-INF\lib\antlr4-runtime-4.5.3.jar;c:\Users\hevra\.vscode\extensions\pivotal.vscode-spring-boot-1.32.0\language-server\BOOT-INF\lib\byte-buddy-1.10.18.jar;c:\Users\hevra\.vscode\extensions\pivotal.vscode-spring-boot-1.32.0\language-server\BOOT-INF\lib\commons-codec-1.14.jar;c:\Users\hevra\.vscode\extensions\pivotal.vscode-spring-boot-1.32.0\language-server\BOOT-INF\lib\commons-io-2.4.jar;c:\Users\hevra\.vscode\extensions\pivotal.vscode-spring-boot-1.32.0\language-server\BOOT-INF\lib\commons-java-1.32.0-SNAPSHOT.jar;c:\Users\hevra\.vscode\extensions\pivotal.vscode-spring-boot-1.32.0\language-server\BOOT-INF\lib\commons-lang3-3.10.jar;c:\Users\hevra\.vscode\extensions\pivotal.vscode-spring-boot-1.32.0\language-server\BOOT-INF\lib\commons-language-server-1.32.0-SNAPSHOT.jar;c:\Users\hevra\.vscode\extensions\pivotal.vscode-spring-boot-1.32.0\language-server\BOOT-INF\lib\commons-lsp-extensions-1.32.0-SNAPSHOT.jar;c:\Users\hevra\.vscode\extensions\pivotal.vscode-spring-boot-1.32.0\language-server\BOOT-INF\lib\commons-util-1.32.0-SNAPSHOT.jar;c:\Users\hevra\.vscode\extensions\pivotal.vscode-spring-boot-1.32.0\language-server\BOOT-INF\lib\commons-yaml-1.32.0-SNAPSHOT.jar;c:\Users\hevra\.vscode\extensions\pivotal.vscode-spring-boot-1.32.0\language-server\BOOT-INF\lib\gson-2.8.6.jar;c:\Users\hevra\.vscode\extensions\pivotal.vscode-spring-boot-1.32.0\language-server\BOOT-INF\lib\guava-19.0.jar;c:\Users\hevra\.vscode\extensions\pivotal.vscode-spring-boot-1.32.0\language-server\BOOT-INF\lib\jakarta.annotation-api-1.3.5.jar;c:\Users\hevra\.vscode\extensions\pivotal.vscode-spring-boot-1.32.0\language-server\BOOT-INF\lib\jandex-2.0.5.Final.jar;c:\Users\hevra\.vscode\extensions\pivotal.vscode-spring-boot-1.32.0\language-server\BOOT-INF\lib\java-properties-1.32.0-SNAPSHO
Launcher Type: SUN_STANDARD

[Global flags]
     intx CICompilerCount                          = 3                                         {product} {ergonomic}
     uint ConcGCThreads                            = 1                                         {product} {ergonomic}
     uint G1ConcRefinementThreads                  = 4                                         {product} {ergonomic}
   size_t G1HeapRegionSize                         = 1048576                                   {product} {ergonomic}
    uintx GCDrainStackTargetSize                   = 64                                        {product} {ergonomic}
   size_t InitialHeapSize                          = 134217728                                 {product} {ergonomic}
   size_t MarkStackSize                            = 4194304                                   {product} {ergonomic}
   size_t MaxHeapSize                              = 2116026368                                {product} {ergonomic}
   size_t MaxNewSize                               = 1268776960                                {product} {ergonomic}
   size_t MinHeapDeltaBytes                        = 1048576                                   {product} {ergonomic}
   size_t MinHeapSize                              = 8388608                                   {product} {ergonomic}
    uintx NonProfiledCodeHeapSize                  = 0                                      {pd product} {ergonomic}
     bool ProfileInterpreter                       = false                                  {pd product} {command line}
    uintx ProfiledCodeHeapSize                     = 0                                      {pd product} {ergonomic}
   size_t SoftMaxHeapSize                          = 2116026368                             {manageable} {ergonomic}
     intx TieredStopAtLevel                        = 1                                         {product} {command line}
     bool UseCompressedClassPointers               = true                           {product lp64_product} {ergonomic}
     bool UseCompressedOops                        = true                           {product lp64_product} {ergonomic}
     bool UseG1GC                                  = true                                      {product} {ergonomic}
     bool UseLargePagesIndividualAllocation        = false                                  {pd product} {ergonomic}

Logging:
Log output configuration:
 #0: stdout all=warning uptime,level,tags
 #1: stderr all=off uptime,level,tags

Environment Variables:
JAVA_HOME=C:\Users\hevra\AppData\Local\Programs\AdoptOpenJDK\jdk-11.0.11.9-hotspot\
PATH=C:\Program Files\Eclipse Adoptium\jdk-17.0.2.8-hotspot\bin;C:\Program Files\Haskell\bin;C:\Program Files\Haskell Platform\8.6.5\lib\extralibs\bin;C:\Program Files\Haskell Platform\8.6.5\bin;C:\Python39\Scripts\;C:\Python39\;C:\Windows\system32;C:\Windows;C:\Windows\System32\Wbem;C:\Windows\System32\WindowsPowerShell\v1.0\;C:\Windows\System32\OpenSSH\;C:\Program Files\nodejs\;C:\ProgramData\chocolatey\bin;C:\Program Files\Git\cmd;C:\Program Files\Haskell Platform\8.6.5\mingw\bin;C:\Program Files (x86)\NVIDIA Corporation\PhysX\Common;C:\Program Files\NVIDIA Corporation\NVIDIA NvDLISR;C:\Users\hevra\AppData\Local\Programs\apache-maven-3.8.4-bin\apache-maven-3.8.4\bin;C:\Users\hevra\AppData\Local\Programs\AdoptOpenJDK\jdk-11.0.11.9-hotspot\bin;C:\Users\hevra\AppData\Roaming\npm;;C:\Program Files\Docker\Docker\resources\bin;C:\ProgramData\DockerDesktop\version-bin;C:\Program Files\Microchip\xc8\v2.31\bin;C:\Program Files\MySQL\MySQL Shell 8.0\bin\;C:\Users\hevra\AppData\Local\Programs\Microsoft VS Code\bin;C:\Users\hevra\AppData\Local\GitHubDesktop\bin
USERNAME=hevra
OS=Windows_NT
PROCESSOR_IDENTIFIER=Intel64 Family 6 Model 142 Stepping 9, GenuineIntel



---------------  S Y S T E M  ---------------

OS:
 Windows 10 , 64 bit Build 19041 (10.0.19041.1566)
OS uptime: 0 days 15:30 hours
Hyper-V role detected

CPU: total 4 (initial active 4) (2 cores per cpu, 2 threads per core) family 6 model 142 stepping 9 microcode 0xb4, cx8, cmov, fxsr, ht, mmx, 3dnowpref, sse, sse2, sse3, ssse3, sse4.1, sse4.2, popcnt, lzcnt, tsc, tscinvbit, avx, avx2, aes, erms, clmul, bmi1, bmi2, adx, fma, vzeroupper, clflush, clflushopt, hv

Memory: 4k page, system-wide physical 8071M (417M free)
TotalPageFile size 19820M (AvailPageFile size 7M)
current process WorkingSet (physical memory assigned to process): 59M, peak: 177M
current process commit charge ("private bytes"): 201M, peak: 257M

vm_info: OpenJDK 64-Bit Server VM (17.0.2+8) for windows-amd64 JRE (17.0.2+8), built on Jan 20 2022 04:52:34 by "" with MS VC++ 16.7 (VS2019)

END.
